<?xml version="1.0" encoding="UTF-8"?>
<!-- Generated by org.testng.reporters.JUnitXMLReporter -->
<testsuite ignored="4" hostname="LAPTOP-IQM7BQHV" failures="0" tests="1" name="Default test" time="30.247" errors="0" timestamp="2020-02-26T11:56:03 CST">
  <testcase classname="casosDePrueba.R_00_01_Autenticacion_I" name="TC0_w3schoold" time="30.203"/>
  <testcase classname="casosDePrueba.R_00_01_Autenticacion_I" name="TC02_w3schoold" time="0.0">
    <ignored/>
  </testcase> <!-- TC02_w3schoold -->
  <testcase classname="casosDePrueba.R_00_01_Autenticacion_I" name="TC01_w3schoold" time="0.0">
    <ignored/>
  </testcase> <!-- TC01_w3schoold -->
  <testcase classname="casosDePrueba.R_00_01_Autenticacion_I" name="TC3_w3schoold" time="0.0">
    <ignored/>
  </testcase> <!-- TC3_w3schoold -->
  <testcase classname="casosDePrueba.R_00_01_Autenticacion_I" name="TC1_w3schoold" time="0.0">
    <ignored/>
  </testcase> <!-- TC1_w3schoold -->
</testsuite> <!-- Default test -->
