<?xml version="1.0" encoding="UTF-8"?>
<!-- Generated by org.testng.reporters.JUnitXMLReporter -->
<testsuite ignored="0" hostname="LAPTOP-IQM7BQHV" failures="0" tests="6" name="Test" time="114.47" errors="0" timestamp="2020-02-26T12:28:55 CST">
  <testcase classname="casosDePrueba.R_00_01_Autenticacion_I" name="TC023_w3schoold" time="66.8"/>
  <testcase classname="casosDePrueba.R_00_01_Autenticacion_I" name="TC0_w3schoold" time="9.369"/>
  <testcase classname="casosDePrueba.R_00_01_Autenticacion_I" name="TC02_w3schoold" time="83.217"/>
  <testcase classname="casosDePrueba.R_00_01_Autenticacion_I" name="TC012_w3schoold" time="87.164"/>
  <testcase classname="casosDePrueba.R_00_01_Autenticacion_I" name="TC01_w3schoold" time="87.165"/>
  <testcase classname="casosDePrueba.R_00_01_Autenticacion_I" name="TC022_w3schoold" time="114.416"/>
</testsuite> <!-- Test -->
