<?xml version="1.0" encoding="UTF-8"?>
<testng-results ignored="0" total="6" passed="6" failed="0" skipped="0">
  <reporter-output>
  </reporter-output>
  <suite started-at="2020-02-26T12:27:01 CST" name="Suite" finished-at="2020-02-26T12:28:55 CST" duration-ms="114470">
    <groups>
    </groups>
    <test started-at="2020-02-26T12:27:01 CST" name="Test" finished-at="2020-02-26T12:28:55 CST" duration-ms="114470">
      <class name="casosDePrueba.R_00_01_Autenticacion_I">
        <test-method is-config="true" signature="beforeClass(java.lang.String)[pri:0, instance:casosDePrueba.R_00_01_Autenticacion_I@158d2680]" started-at="2020-02-26T12:27:01 CST" name="beforeClass" finished-at="2020-02-26T12:27:01 CST" duration-ms="15" status="PASS">
          <params>
            <param index="0">
              <value>
                <![CDATA[UAT]]>
              </value>
            </param>
          </params>
          <reporter-output>
          </reporter-output>
        </test-method> <!-- beforeClass -->
        <test-method is-config="true" signature="beforeTest(java.lang.String)[pri:0, instance:casosDePrueba.R_00_01_Autenticacion_I@158d2680]" started-at="2020-02-26T12:27:01 CST" name="beforeTest" finished-at="2020-02-26T12:27:01 CST" duration-ms="2" status="PASS">
          <params>
            <param index="0">
              <value is-null="true"/>
            </param>
          </params>
          <reporter-output>
          </reporter-output>
        </test-method> <!-- beforeTest -->
        <test-method is-config="true" signature="beforeTest(java.lang.String)[pri:0, instance:casosDePrueba.R_00_01_Autenticacion_I@158d2680]" started-at="2020-02-26T12:27:01 CST" name="beforeTest" finished-at="2020-02-26T12:27:01 CST" duration-ms="2" status="PASS">
          <params>
            <param index="0">
              <value is-null="true"/>
            </param>
          </params>
          <reporter-output>
          </reporter-output>
        </test-method> <!-- beforeTest -->
        <test-method is-config="true" signature="beforeTest(java.lang.String)[pri:0, instance:casosDePrueba.R_00_01_Autenticacion_I@158d2680]" started-at="2020-02-26T12:27:01 CST" name="beforeTest" finished-at="2020-02-26T12:27:01 CST" duration-ms="2" status="PASS">
          <params>
            <param index="0">
              <value is-null="true"/>
            </param>
          </params>
          <reporter-output>
          </reporter-output>
        </test-method> <!-- beforeTest -->
        <test-method is-config="true" signature="beforeTest(java.lang.String)[pri:0, instance:casosDePrueba.R_00_01_Autenticacion_I@158d2680]" started-at="2020-02-26T12:27:01 CST" name="beforeTest" finished-at="2020-02-26T12:27:01 CST" duration-ms="2" status="PASS">
          <params>
            <param index="0">
              <value is-null="true"/>
            </param>
          </params>
          <reporter-output>
          </reporter-output>
        </test-method> <!-- beforeTest -->
        <test-method is-config="true" signature="beforeTest(java.lang.String)[pri:0, instance:casosDePrueba.R_00_01_Autenticacion_I@158d2680]" started-at="2020-02-26T12:27:01 CST" name="beforeTest" finished-at="2020-02-26T12:27:01 CST" duration-ms="2" status="PASS">
          <params>
            <param index="0">
              <value is-null="true"/>
            </param>
          </params>
          <reporter-output>
          </reporter-output>
        </test-method> <!-- beforeTest -->
        <test-method signature="TC02_w3schoold(java.lang.String, java.lang.String)[pri:1, instance:casosDePrueba.R_00_01_Autenticacion_I@158d2680]" started-at="2020-02-26T12:27:01 CST" name="TC02_w3schoold" finished-at="2020-02-26T12:28:24 CST" duration-ms="83217" status="PASS">
          <params>
            <param index="0">
              <value>
                <![CDATA[UAT]]>
              </value>
            </param>
            <param index="1">
              <value>
                <![CDATA[Persona]]>
              </value>
            </param>
          </params>
          <reporter-output>
          </reporter-output>
        </test-method> <!-- TC02_w3schoold -->
        <test-method signature="TC01_w3schoold(java.lang.String, java.lang.String)[pri:1, instance:casosDePrueba.R_00_01_Autenticacion_I@158d2680]" started-at="2020-02-26T12:27:01 CST" name="TC01_w3schoold" finished-at="2020-02-26T12:28:28 CST" duration-ms="87165" status="PASS">
          <params>
            <param index="0">
              <value>
                <![CDATA[UAT]]>
              </value>
            </param>
            <param index="1">
              <value>
                <![CDATA[Persona]]>
              </value>
            </param>
          </params>
          <reporter-output>
          </reporter-output>
        </test-method> <!-- TC01_w3schoold -->
        <test-method signature="TC012_w3schoold(java.lang.String, java.lang.String)[pri:1, instance:casosDePrueba.R_00_01_Autenticacion_I@158d2680]" started-at="2020-02-26T12:27:01 CST" name="TC012_w3schoold" finished-at="2020-02-26T12:28:28 CST" duration-ms="87164" status="PASS">
          <params>
            <param index="0">
              <value>
                <![CDATA[UAT]]>
              </value>
            </param>
            <param index="1">
              <value>
                <![CDATA[Persona]]>
              </value>
            </param>
          </params>
          <reporter-output>
          </reporter-output>
        </test-method> <!-- TC012_w3schoold -->
        <test-method signature="TC022_w3schoold(java.lang.String, java.lang.String)[pri:1, instance:casosDePrueba.R_00_01_Autenticacion_I@158d2680]" started-at="2020-02-26T12:27:01 CST" name="TC022_w3schoold" finished-at="2020-02-26T12:28:55 CST" duration-ms="114416" status="PASS">
          <params>
            <param index="0">
              <value>
                <![CDATA[UAT]]>
              </value>
            </param>
            <param index="1">
              <value>
                <![CDATA[Persona]]>
              </value>
            </param>
          </params>
          <reporter-output>
          </reporter-output>
        </test-method> <!-- TC022_w3schoold -->
        <test-method signature="TC023_w3schoold(java.lang.String, java.lang.String)[pri:1, instance:casosDePrueba.R_00_01_Autenticacion_I@158d2680]" started-at="2020-02-26T12:27:01 CST" name="TC023_w3schoold" finished-at="2020-02-26T12:28:08 CST" duration-ms="66800" status="PASS">
          <params>
            <param index="0">
              <value>
                <![CDATA[UAT]]>
              </value>
            </param>
            <param index="1">
              <value>
                <![CDATA[Persona]]>
              </value>
            </param>
          </params>
          <reporter-output>
          </reporter-output>
        </test-method> <!-- TC023_w3schoold -->
        <test-method is-config="true" signature="afterTest()[pri:0, instance:casosDePrueba.R_00_01_Autenticacion_I@158d2680]" started-at="2020-02-26T12:28:08 CST" name="afterTest" finished-at="2020-02-26T12:28:08 CST" duration-ms="0" status="PASS">
          <reporter-output>
          </reporter-output>
        </test-method> <!-- afterTest -->
        <test-method is-config="true" signature="beforeTest(java.lang.String)[pri:0, instance:casosDePrueba.R_00_01_Autenticacion_I@158d2680]" started-at="2020-02-26T12:28:08 CST" name="beforeTest" finished-at="2020-02-26T12:28:08 CST" duration-ms="0" status="PASS">
          <params>
            <param index="0">
              <value is-null="true"/>
            </param>
          </params>
          <reporter-output>
          </reporter-output>
        </test-method> <!-- beforeTest -->
        <test-method signature="TC0_w3schoold(java.lang.String, java.lang.String)[pri:1, instance:casosDePrueba.R_00_01_Autenticacion_I@158d2680]" started-at="2020-02-26T12:28:08 CST" name="TC0_w3schoold" finished-at="2020-02-26T12:28:17 CST" duration-ms="9369" status="PASS">
          <params>
            <param index="0">
              <value>
                <![CDATA[UAT]]>
              </value>
            </param>
            <param index="1">
              <value>
                <![CDATA[Persona]]>
              </value>
            </param>
          </params>
          <reporter-output>
          </reporter-output>
        </test-method> <!-- TC0_w3schoold -->
        <test-method is-config="true" signature="afterTest()[pri:0, instance:casosDePrueba.R_00_01_Autenticacion_I@158d2680]" started-at="2020-02-26T12:28:17 CST" name="afterTest" finished-at="2020-02-26T12:28:17 CST" duration-ms="1" status="PASS">
          <reporter-output>
          </reporter-output>
        </test-method> <!-- afterTest -->
        <test-method is-config="true" signature="afterTest()[pri:0, instance:casosDePrueba.R_00_01_Autenticacion_I@158d2680]" started-at="2020-02-26T12:28:24 CST" name="afterTest" finished-at="2020-02-26T12:28:24 CST" duration-ms="0" status="PASS">
          <reporter-output>
          </reporter-output>
        </test-method> <!-- afterTest -->
        <test-method is-config="true" signature="afterTest()[pri:0, instance:casosDePrueba.R_00_01_Autenticacion_I@158d2680]" started-at="2020-02-26T12:28:28 CST" name="afterTest" finished-at="2020-02-26T12:28:28 CST" duration-ms="0" status="PASS">
          <reporter-output>
          </reporter-output>
        </test-method> <!-- afterTest -->
        <test-method is-config="true" signature="afterTest()[pri:0, instance:casosDePrueba.R_00_01_Autenticacion_I@158d2680]" started-at="2020-02-26T12:28:28 CST" name="afterTest" finished-at="2020-02-26T12:28:28 CST" duration-ms="0" status="PASS">
          <reporter-output>
          </reporter-output>
        </test-method> <!-- afterTest -->
        <test-method is-config="true" signature="afterTest()[pri:0, instance:casosDePrueba.R_00_01_Autenticacion_I@158d2680]" started-at="2020-02-26T12:28:55 CST" name="afterTest" finished-at="2020-02-26T12:28:55 CST" duration-ms="1" status="PASS">
          <reporter-output>
          </reporter-output>
        </test-method> <!-- afterTest -->
        <test-method is-config="true" signature="afterClass()[pri:0, instance:casosDePrueba.R_00_01_Autenticacion_I@158d2680]" started-at="2020-02-26T12:28:55 CST" name="afterClass" finished-at="2020-02-26T12:28:55 CST" duration-ms="1" status="PASS">
          <reporter-output>
          </reporter-output>
        </test-method> <!-- afterClass -->
      </class> <!-- casosDePrueba.R_00_01_Autenticacion_I -->
    </test> <!-- Test -->
  </suite> <!-- Suite -->
</testng-results>
